# Logfile created on 2014-02-14 13:49:52 -0500 by logger.rb/41954
I, [2014-02-14T13:49:52.383170 #40118]  INFO -- : 0:  rake (10.1.1) from /Users/sarahransohoff/.rvm/gems/ruby-2.0.0-p353/specifications/rake-10.1.1.gemspec
I, [2014-02-14T13:49:53.565689 #40118]  INFO -- : 0:  i18n (0.6.9) from /Users/sarahransohoff/.rvm/gems/ruby-2.0.0-p353/specifications/i18n-0.6.9.gemspec
I, [2014-02-14T13:49:54.285488 #40118]  INFO -- : 0:  minitest (4.7.5) from /Users/sarahransohoff/.rvm/gems/ruby-2.0.0-p353/specifications/minitest-4.7.5.gemspec
I, [2014-02-14T13:49:55.646941 #40118]  INFO -- : 0:  multi_json (1.8.4) from /Users/sarahransohoff/.rvm/gems/ruby-2.0.0-p353/specifications/multi_json-1.8.4.gemspec
I, [2014-02-14T13:49:57.043134 #40118]  INFO -- : 0:  atomic (1.1.14) from /Users/sarahransohoff/.rvm/gems/ruby-2.0.0-p353/specifications/atomic-1.1.14.gemspec
I, [2014-02-14T13:49:58.070035 #40118]  INFO -- : 0:  thread_safe (0.1.3) from /Users/sarahransohoff/.rvm/gems/ruby-2.0.0-p353/specifications/thread_safe-0.1.3.gemspec
I, [2014-02-14T13:49:59.508739 #40118]  INFO -- : 0:  tzinfo (0.3.38) from /Users/sarahransohoff/.rvm/gems/ruby-2.0.0-p353/specifications/tzinfo-0.3.38.gemspec
I, [2014-02-14T13:50:01.210146 #40118]  INFO -- : 0:  activesupport (4.0.2) from /Users/sarahransohoff/.rvm/gems/ruby-2.0.0-p353/specifications/activesupport-4.0.2.gemspec
I, [2014-02-14T13:50:01.909159 #40118]  INFO -- : 0:  builder (3.1.4) from /Users/sarahransohoff/.rvm/gems/ruby-2.0.0-p353/specifications/builder-3.1.4.gemspec
I, [2014-02-14T13:50:03.056475 #40118]  INFO -- : 0:  activemodel (4.0.2) from /Users/sarahransohoff/.rvm/gems/ruby-2.0.0-p353/specifications/activemodel-4.0.2.gemspec
I, [2014-02-14T13:50:04.016767 #40118]  INFO -- : 0:  activerecord-deprecated_finders (1.0.3) from /Users/sarahransohoff/.rvm/gems/ruby-2.0.0-p353/specifications/activerecord-deprecated_finders-1.0.3.gemspec
I, [2014-02-14T13:50:05.253747 #40118]  INFO -- : 0:  arel (4.0.2) from /Users/sarahransohoff/.rvm/gems/ruby-2.0.0-p353/specifications/arel-4.0.2.gemspec
I, [2014-02-14T13:50:07.612251 #40118]  INFO -- : 0:  activerecord (4.0.2) from /Users/sarahransohoff/.rvm/gems/ruby-2.0.0-p353/specifications/activerecord-4.0.2.gemspec
I, [2014-02-14T13:50:08.795399 #40118]  INFO -- : 0:  bond (0.4.3) from /Users/sarahransohoff/.rvm/gems/ruby-2.0.0-p353/specifications/bond-0.4.3.gemspec
I, [2014-02-14T13:50:09.518549 #40118]  INFO -- : 0:  columnize (0.3.6) from /Users/sarahransohoff/.rvm/gems/ruby-2.0.0-p353/specifications/columnize-0.3.6.gemspec
I, [2014-02-14T13:50:10.534739 #40118]  INFO -- : 0:  debugger-linecache (1.2.0) from /Users/sarahransohoff/.rvm/gems/ruby-2.0.0-p353/specifications/debugger-linecache-1.2.0.gemspec
I, [2014-02-14T13:50:13.292148 #40118]  INFO -- : 0:  debugger-ruby_core_source (1.3.1) from /Users/sarahransohoff/.rvm/gems/ruby-2.0.0-p353/specifications/debugger-ruby_core_source-1.3.1.gemspec
I, [2014-02-14T13:50:15.515877 #40118]  INFO -- : 0:  debugger (1.6.5) from /Users/sarahransohoff/.rvm/gems/ruby-2.0.0-p353/specifications/debugger-1.6.5.gemspec
I, [2014-02-14T13:50:16.887976 #40118]  INFO -- : 0:  tilt (1.4.1) from /Users/sarahransohoff/.rvm/gems/ruby-2.0.0-p353/specifications/tilt-1.4.1.gemspec
I, [2014-02-14T13:50:17.707054 #40118]  INFO -- : 0:  haml (4.0.5) from /Users/sarahransohoff/.rvm/gems/ruby-2.0.0-p353/specifications/haml-4.0.5.gemspec
I, [2014-02-14T13:50:19.365443 #40118]  INFO -- : 0:  rack (1.5.2) from /Users/sarahransohoff/.rvm/gems/ruby-2.0.0-p353/specifications/rack-1.5.2.gemspec
I, [2014-02-14T13:50:20.750728 #40118]  INFO -- : 0:  rack-flash3 (1.0.5) from /Users/sarahransohoff/.rvm/gems/ruby-2.0.0-p353/specifications/rack-flash3-1.0.5.gemspec
I, [2014-02-14T13:50:21.527493 #40118]  INFO -- : 0:  rack-protection (1.5.2) from /Users/sarahransohoff/.rvm/gems/ruby-2.0.0-p353/specifications/rack-protection-1.5.2.gemspec
I, [2014-02-14T13:50:22.203303 #40118]  INFO -- : 0:  rack-test (0.6.2) from /Users/sarahransohoff/.rvm/gems/ruby-2.0.0-p353/specifications/rack-test-0.6.2.gemspec
I, [2014-02-14T13:50:22.918318 #40118]  INFO -- : 0:  ripl (0.7.0) from /Users/sarahransohoff/.rvm/gems/ruby-2.0.0-p353/specifications/ripl-0.7.0.gemspec
I, [2014-02-14T13:50:24.093203 #40118]  INFO -- : 0:  ripl-multi_line (0.3.1) from /Users/sarahransohoff/.rvm/gems/ruby-2.0.0-p353/specifications/ripl-multi_line-0.3.1.gemspec
I, [2014-02-14T13:50:24.765341 #40118]  INFO -- : 0:  ripl-rack (0.2.0) from /Users/sarahransohoff/.rvm/gems/ruby-2.0.0-p353/specifications/ripl-rack-0.2.0.gemspec
I, [2014-02-14T13:50:25.470403 #40118]  INFO -- : 0:  shotgun (0.9) from /Users/sarahransohoff/.rvm/gems/ruby-2.0.0-p353/specifications/shotgun-0.9.gemspec
I, [2014-02-14T13:50:27.771455 #40118]  INFO -- : 0:  sinatra (1.4.4) from /Users/sarahransohoff/.rvm/gems/ruby-2.0.0-p353/specifications/sinatra-1.4.4.gemspec
I, [2014-02-14T13:50:29.027782 #40118]  INFO -- : 0:  sinatra-activerecord (1.3.0) from /Users/sarahransohoff/.rvm/gems/ruby-2.0.0-p353/specifications/sinatra-activerecord-1.3.0.gemspec
I, [2014-02-14T13:50:32.002544 #40118]  INFO -- : 0:  sqlite3 (1.3.8) from /Users/sarahransohoff/.rvm/gems/ruby-2.0.0-p353/specifications/sqlite3-1.3.8.gemspec
I, [2014-02-14T13:50:32.919416 #40118]  INFO -- : 0:  tux (0.3.0) from /Users/sarahransohoff/.rvm/gems/ruby-2.0.0-p353/specifications/tux-0.3.0.gemspec
I, [2014-02-14T13:50:32.919859 #40118]  INFO -- : 0:  bundler (1.5.1) from /Users/sarahransohoff/.rvm/gems/ruby-2.0.0-p353@global/specifications/bundler-1.5.1.gemspec
